2024/04/19 01:26:29 
2024/04/19 01:26:29 ## OPEN LOG FILE  rumctl  20240418 18:26:29.340 ##
2024/04/19 01:26:29 
2024/04/19 01:26:29 [tytttt] [tytttt] 

2024/04/19 01:26:29 [31m[Error] Error 
[0m
2024/04/19 01:26:29 
2024/04/19 01:26:29 ## OPEN LOG FILE  rumctl  20240418 18:26:29.340 ##
2024/04/19 01:26:29 
2024/04/19 01:26:29 [tytttt] [tytttt] 

2024/04/19 01:26:29 [31m[Error] Error 
[0m
2024/04/19 01:26:29 
2024/04/19 01:26:29 ## OPEN LOG FILE  rumctl  20240418 18:26:29.341 ##
2024/04/19 01:26:29 
2024/04/19 01:26:29 [tytttt] [tytttt] 

2024/04/19 01:26:29 [31m[Error] Error 
[0m
2024/04/19 01:28:23 
2024/04/19 01:28:23 ## OPEN LOG FILE  rumctl  20240418 18:28:23.37 ##
2024/04/19 01:28:23 
2024/04/19 01:28:23 [tytttt] [tytttt] 

2024/04/19 01:28:23 [31m[Error] Error 
[0m
2024/04/19 01:28:23 
2024/04/19 01:28:23 ## OPEN LOG FILE  rumctl  20240418 18:28:23.38 ##
2024/04/19 01:28:23 
2024/04/19 01:28:23 [tytttt] [tytttt] 

2024/04/19 01:28:23 [31m[Error] Error 
[0m
2024/04/19 01:28:23 
2024/04/19 01:28:23 ## OPEN LOG FILE  rumctl  20240418 18:28:23.39 ##
2024/04/19 01:28:23 
2024/04/19 01:28:23 [tytttt] [tytttt] 

2024/04/19 01:28:23 [31m[Error] Error 
[0m
